2026-02-13 19:55:33,948 - data_ingestion - ERROR - Unexpected error during preprocessing: 'NoneType' object is not subscriptable
2026-02-13 19:55:54,190 - data_ingestion - ERROR - Unexpected error during preprocessing: 'NoneType' object is not subscriptable
2026-02-13 19:59:27,858 - data_ingestion - ERROR - Unexpected error during preprocessing: 'NoneType' object is not subscriptable
2026-02-13 20:01:19,002 - data_ingestion - ERROR - Unexpected error during preprocessing: 'NoneType' object has no attribute 'drop'
2026-02-13 20:02:03,643 - data_ingestion - ERROR - Unexpected error during preprocessing: 'NoneType' object has no attribute 'drop'
2026-02-13 20:04:22,126 - data_ingestion - ERROR - Missing column in the dataframe: "['Unnamed:2', 'Unnamed:3', 'Unnamed:4'] not found in axis"
2026-02-13 20:04:22,126 - data_ingestion - ERROR - failed in data load:"['Unnamed:2', 'Unnamed:3', 'Unnamed:4'] not found in axis"
2026-02-13 20:05:04,354 - data_ingestion - ERROR - Missing column in the dataframe: "['Unnamed:2', 'Unnamed:3', 'Unnamed:4'] not found in axis"
2026-02-13 20:05:04,355 - data_ingestion - ERROR - failed in data load:"['Unnamed:2', 'Unnamed:3', 'Unnamed:4'] not found in axis"
2026-02-13 20:05:48,192 - data_ingestion - DEBUG - Data preprocessing completed
2026-02-13 20:05:48,229 - data_ingestion - DEBUG - Train and test data saved to ./data\raw
2026-02-14 22:02:00,173 - data_ingestion - DEBUG - Data preprocessing completed
2026-02-14 22:02:00,215 - data_ingestion - DEBUG - Train and test data saved to ./data\raw
2026-02-15 16:52:00,682 - data_ingestion - DEBUG - Data preprocessing completed
2026-02-15 16:52:00,720 - data_ingestion - DEBUG - Train and test data saved to ./data\raw
2026-02-15 16:52:56,697 - data_ingestion - DEBUG - Data preprocessing completed
2026-02-15 16:52:56,727 - data_ingestion - DEBUG - Train and test data saved to ./data\raw
2026-02-15 17:10:32,512 - data_ingestion - DEBUG - Data preprocessing completed
2026-02-15 17:10:32,549 - data_ingestion - DEBUG - Train and test data saved to ./data\raw
2026-02-15 17:12:53,101 - data_ingestion - DEBUG - Data preprocessing completed
2026-02-15 17:12:53,130 - data_ingestion - ERROR - Unexpected error occurred while saving the data: name 'raw_data_path' is not defined
2026-02-15 17:12:53,132 - data_ingestion - ERROR - failed in data load:name 'raw_data_path' is not defined
2026-02-15 17:16:47,088 - data_ingestion - DEBUG - Data preprocessing completed
2026-02-15 17:16:47,117 - data_ingestion - ERROR - Unexpected error occurred while saving the data: name 'raw_data_path' is not defined
2026-02-15 17:16:47,119 - data_ingestion - ERROR - failed in data load:name 'raw_data_path' is not defined
2026-02-15 17:30:12,110 - data_ingestion - DEBUG - Data preprocessing completed
2026-02-15 17:30:12,160 - data_ingestion - ERROR - Unexpected error occurred while saving the data: name 'raw_data_path' is not defined
2026-02-15 17:30:12,166 - data_ingestion - ERROR - failed in data load:name 'raw_data_path' is not defined
2026-02-15 17:31:00,685 - data_ingestion - DEBUG - Data preprocessing completed
2026-02-15 17:31:00,728 - data_ingestion - DEBUG - Train and test data saved
2026-02-15 17:31:33,018 - data_ingestion - DEBUG - Data preprocessing completed
2026-02-15 17:31:33,048 - data_ingestion - DEBUG - Train and test data saved
2026-02-15 17:40:52,108 - data_ingestion - DEBUG - Data preprocessing completed
2026-02-15 17:40:52,138 - data_ingestion - DEBUG - Train and test data saved
2026-02-15 17:45:05,253 - data_ingestion - DEBUG - Data preprocessing completed
2026-02-15 17:45:05,289 - data_ingestion - DEBUG - Train saved to: C:\Users\DevanshSharma\Learning Projects\Call_Spam_detector\Spam_Clasiffier_with_Ensemble_MLOPS\data\raw\train.csv
2026-02-15 17:45:05,289 - data_ingestion - DEBUG - Test saved to: C:\Users\DevanshSharma\Learning Projects\Call_Spam_detector\Spam_Clasiffier_with_Ensemble_MLOPS\data\raw\test.csv
2026-02-15 17:45:05,291 - data_ingestion - DEBUG - Raw dir exists after save: True
